CRITICAL - 2025-05-27 17:24:48 --> Invalid argument supplied for foreach()
in APPPATH/Views/layouts/layout.php on line 495.
 1 APPPATH/Views/layouts/layout.php(495): CodeIgniter\Debug\Exceptions->errorHandler()
 2 SYSTEMPATH/View/View.php(224): include('/home/tegnex/public_html/app/Views/layouts/layout.php')
 3 SYSTEMPATH/View/View.php(227): CodeIgniter\View\View->CodeIgniter\View\{closure}()
 4 SYSTEMPATH/View/View.php(240): CodeIgniter\View\View->render()
 5 SYSTEMPATH/Common.php(1176): CodeIgniter\View\View->render()
 6 APPPATH/Controllers/Cupon.php(120): view()
 7 SYSTEMPATH/CodeIgniter.php(932): App\Controllers\Cupon->generarMasivos()
 8 SYSTEMPATH/CodeIgniter.php(497): CodeIgniter\CodeIgniter->runController()
 9 SYSTEMPATH/CodeIgniter.php(366): CodeIgniter\CodeIgniter->handleRequest()
10 FCPATH/index.php(67): CodeIgniter\CodeIgniter->run()
CRITICAL - 2025-05-27 17:26:10 --> Invalid argument supplied for foreach()
in APPPATH/Views/layouts/layout.php on line 495.
 1 APPPATH/Views/layouts/layout.php(495): CodeIgniter\Debug\Exceptions->errorHandler()
 2 SYSTEMPATH/View/View.php(224): include('/home/tegnex/public_html/app/Views/layouts/layout.php')
 3 SYSTEMPATH/View/View.php(227): CodeIgniter\View\View->CodeIgniter\View\{closure}()
 4 SYSTEMPATH/View/View.php(240): CodeIgniter\View\View->render()
 5 SYSTEMPATH/Common.php(1176): CodeIgniter\View\View->render()
 6 APPPATH/Controllers/Cupon.php(120): view()
 7 SYSTEMPATH/CodeIgniter.php(932): App\Controllers\Cupon->generarMasivos()
 8 SYSTEMPATH/CodeIgniter.php(497): CodeIgniter\CodeIgniter->runController()
 9 SYSTEMPATH/CodeIgniter.php(366): CodeIgniter\CodeIgniter->handleRequest()
10 FCPATH/index.php(67): CodeIgniter\CodeIgniter->run()
CRITICAL - 2025-05-27 17:27:00 --> Invalid argument supplied for foreach()
in APPPATH/Views/layouts/layout.php on line 495.
 1 APPPATH/Views/layouts/layout.php(495): CodeIgniter\Debug\Exceptions->errorHandler()
 2 SYSTEMPATH/View/View.php(224): include('/home/tegnex/public_html/app/Views/layouts/layout.php')
 3 SYSTEMPATH/View/View.php(227): CodeIgniter\View\View->CodeIgniter\View\{closure}()
 4 SYSTEMPATH/View/View.php(240): CodeIgniter\View\View->render()
 5 SYSTEMPATH/Common.php(1176): CodeIgniter\View\View->render()
 6 APPPATH/Controllers/Cupon.php(120): view()
 7 SYSTEMPATH/CodeIgniter.php(932): App\Controllers\Cupon->generarMasivos()
 8 SYSTEMPATH/CodeIgniter.php(497): CodeIgniter\CodeIgniter->runController()
 9 SYSTEMPATH/CodeIgniter.php(366): CodeIgniter\CodeIgniter->handleRequest()
10 FCPATH/index.php(67): CodeIgniter\CodeIgniter->run()
CRITICAL - 2025-05-27 17:27:33 --> Invalid argument supplied for foreach()
in APPPATH/Views/layouts/layout.php on line 495.
 1 APPPATH/Views/layouts/layout.php(495): CodeIgniter\Debug\Exceptions->errorHandler()
 2 SYSTEMPATH/View/View.php(224): include('/home/tegnex/public_html/app/Views/layouts/layout.php')
 3 SYSTEMPATH/View/View.php(227): CodeIgniter\View\View->CodeIgniter\View\{closure}()
 4 SYSTEMPATH/View/View.php(240): CodeIgniter\View\View->render()
 5 SYSTEMPATH/Common.php(1176): CodeIgniter\View\View->render()
 6 APPPATH/Controllers/Cupon.php(120): view()
 7 SYSTEMPATH/CodeIgniter.php(932): App\Controllers\Cupon->generarMasivos()
 8 SYSTEMPATH/CodeIgniter.php(497): CodeIgniter\CodeIgniter->runController()
 9 SYSTEMPATH/CodeIgniter.php(366): CodeIgniter\CodeIgniter->handleRequest()
10 FCPATH/index.php(67): CodeIgniter\CodeIgniter->run()
CRITICAL - 2025-05-27 17:28:20 --> Invalid argument supplied for foreach()
in APPPATH/Views/layouts/layout.php on line 563.
 1 APPPATH/Views/layouts/layout.php(563): CodeIgniter\Debug\Exceptions->errorHandler()
 2 SYSTEMPATH/View/View.php(224): include('/home/tegnex/public_html/app/Views/layouts/layout.php')
 3 SYSTEMPATH/View/View.php(227): CodeIgniter\View\View->CodeIgniter\View\{closure}()
 4 SYSTEMPATH/View/View.php(240): CodeIgniter\View\View->render()
 5 SYSTEMPATH/Common.php(1176): CodeIgniter\View\View->render()
 6 APPPATH/Controllers/Cupon.php(120): view()
 7 SYSTEMPATH/CodeIgniter.php(932): App\Controllers\Cupon->generarMasivos()
 8 SYSTEMPATH/CodeIgniter.php(497): CodeIgniter\CodeIgniter->runController()
 9 SYSTEMPATH/CodeIgniter.php(366): CodeIgniter\CodeIgniter->handleRequest()
10 FCPATH/index.php(67): CodeIgniter\CodeIgniter->run()
