CRITICAL - 2025-06-17 14:49:31 --> Call to undefined method App\Models\ProductoModel::getTotalStock
in SYSTEMPATH/Model.php on line 838.
 1 APPPATH/Controllers/Dashboard.php(67): CodeIgniter\Model->__call()
 2 SYSTEMPATH/CodeIgniter.php(932): App\Controllers\Dashboard->totalStock()
 3 SYSTEMPATH/CodeIgniter.php(497): CodeIgniter\CodeIgniter->runController()
 4 SYSTEMPATH/CodeIgniter.php(366): CodeIgniter\CodeIgniter->handleRequest()
 5 FCPATH/index.php(67): CodeIgniter\CodeIgniter->run()
CRITICAL - 2025-06-17 14:49:35 --> Call to undefined method App\Models\ProductoModel::getTotalStock
in SYSTEMPATH/Model.php on line 838.
 1 APPPATH/Controllers/Dashboard.php(67): CodeIgniter\Model->__call()
 2 SYSTEMPATH/CodeIgniter.php(932): App\Controllers\Dashboard->totalStock()
 3 SYSTEMPATH/CodeIgniter.php(497): CodeIgniter\CodeIgniter->runController()
 4 SYSTEMPATH/CodeIgniter.php(366): CodeIgniter\CodeIgniter->handleRequest()
 5 FCPATH/index.php(67): CodeIgniter\CodeIgniter->run()
CRITICAL - 2025-06-17 14:53:59 --> Call to undefined method App\Models\ProductoModel::getTotalStock
in SYSTEMPATH/Model.php on line 838.
 1 APPPATH/Controllers/Dashboard.php(67): CodeIgniter\Model->__call()
 2 SYSTEMPATH/CodeIgniter.php(932): App\Controllers\Dashboard->totalStock()
 3 SYSTEMPATH/CodeIgniter.php(497): CodeIgniter\CodeIgniter->runController()
 4 SYSTEMPATH/CodeIgniter.php(366): CodeIgniter\CodeIgniter->handleRequest()
 5 FCPATH/index.php(67): CodeIgniter\CodeIgniter->run()
