CRITICAL - 2025-05-19 20:36:36 --> Trying to access array offset on value of type null
in APPPATH/Controllers/Tienda.php on line 209.
 1 APPPATH/Controllers/Tienda.php(209): CodeIgniter\Debug\Exceptions->errorHandler()
 2 SYSTEMPATH/CodeIgniter.php(932): App\Controllers\Tienda->verproducto()
 3 SYSTEMPATH/CodeIgniter.php(497): CodeIgniter\CodeIgniter->runController()
 4 SYSTEMPATH/CodeIgniter.php(366): CodeIgniter\CodeIgniter->handleRequest()
 5 FCPATH/index.php(67): CodeIgniter\CodeIgniter->run()
CRITICAL - 2025-05-19 20:38:58 --> Trying to access array offset on value of type null
in APPPATH/Controllers/Tienda.php on line 209.
 1 APPPATH/Controllers/Tienda.php(209): CodeIgniter\Debug\Exceptions->errorHandler()
 2 SYSTEMPATH/CodeIgniter.php(932): App\Controllers\Tienda->verproducto()
 3 SYSTEMPATH/CodeIgniter.php(497): CodeIgniter\CodeIgniter->runController()
 4 SYSTEMPATH/CodeIgniter.php(366): CodeIgniter\CodeIgniter->handleRequest()
 5 FCPATH/index.php(67): CodeIgniter\CodeIgniter->run()
CRITICAL - 2025-05-19 20:39:00 --> Trying to access array offset on value of type null
in APPPATH/Controllers/Tienda.php on line 209.
 1 APPPATH/Controllers/Tienda.php(209): CodeIgniter\Debug\Exceptions->errorHandler()
 2 SYSTEMPATH/CodeIgniter.php(932): App\Controllers\Tienda->verproducto()
 3 SYSTEMPATH/CodeIgniter.php(497): CodeIgniter\CodeIgniter->runController()
 4 SYSTEMPATH/CodeIgniter.php(366): CodeIgniter\CodeIgniter->handleRequest()
 5 FCPATH/index.php(67): CodeIgniter\CodeIgniter->run()
CRITICAL - 2025-05-19 20:42:26 --> Trying to access array offset on value of type null
in APPPATH/Controllers/Tienda.php on line 209.
 1 APPPATH/Controllers/Tienda.php(209): CodeIgniter\Debug\Exceptions->errorHandler()
 2 SYSTEMPATH/CodeIgniter.php(932): App\Controllers\Tienda->verproducto()
 3 SYSTEMPATH/CodeIgniter.php(497): CodeIgniter\CodeIgniter->runController()
 4 SYSTEMPATH/CodeIgniter.php(366): CodeIgniter\CodeIgniter->handleRequest()
 5 FCPATH/index.php(67): CodeIgniter\CodeIgniter->run()
CRITICAL - 2025-05-19 20:42:55 --> Trying to access array offset on value of type null
in APPPATH/Controllers/Tienda.php on line 209.
 1 APPPATH/Controllers/Tienda.php(209): CodeIgniter\Debug\Exceptions->errorHandler()
 2 SYSTEMPATH/CodeIgniter.php(932): App\Controllers\Tienda->verproducto()
 3 SYSTEMPATH/CodeIgniter.php(497): CodeIgniter\CodeIgniter->runController()
 4 SYSTEMPATH/CodeIgniter.php(366): CodeIgniter\CodeIgniter->handleRequest()
 5 FCPATH/index.php(67): CodeIgniter\CodeIgniter->run()
CRITICAL - 2025-05-19 20:43:23 --> Trying to access array offset on value of type null
in APPPATH/Controllers/Tienda.php on line 209.
 1 APPPATH/Controllers/Tienda.php(209): CodeIgniter\Debug\Exceptions->errorHandler()
 2 SYSTEMPATH/CodeIgniter.php(932): App\Controllers\Tienda->verproducto()
 3 SYSTEMPATH/CodeIgniter.php(497): CodeIgniter\CodeIgniter->runController()
 4 SYSTEMPATH/CodeIgniter.php(366): CodeIgniter\CodeIgniter->handleRequest()
 5 FCPATH/index.php(67): CodeIgniter\CodeIgniter->run()
CRITICAL - 2025-05-19 20:45:01 --> Trying to access array offset on value of type null
in APPPATH/Controllers/Tienda.php on line 209.
 1 APPPATH/Controllers/Tienda.php(209): CodeIgniter\Debug\Exceptions->errorHandler()
 2 SYSTEMPATH/CodeIgniter.php(932): App\Controllers\Tienda->verproducto()
 3 SYSTEMPATH/CodeIgniter.php(497): CodeIgniter\CodeIgniter->runController()
 4 SYSTEMPATH/CodeIgniter.php(366): CodeIgniter\CodeIgniter->handleRequest()
 5 FCPATH/index.php(67): CodeIgniter\CodeIgniter->run()
CRITICAL - 2025-05-19 20:45:21 --> Trying to access array offset on value of type null
in APPPATH/Controllers/Tienda.php on line 209.
 1 APPPATH/Controllers/Tienda.php(209): CodeIgniter\Debug\Exceptions->errorHandler()
 2 SYSTEMPATH/CodeIgniter.php(932): App\Controllers\Tienda->verproducto()
 3 SYSTEMPATH/CodeIgniter.php(497): CodeIgniter\CodeIgniter->runController()
 4 SYSTEMPATH/CodeIgniter.php(366): CodeIgniter\CodeIgniter->handleRequest()
 5 FCPATH/index.php(67): CodeIgniter\CodeIgniter->run()
CRITICAL - 2025-05-19 20:45:49 --> Trying to access array offset on value of type null
in APPPATH/Controllers/Tienda.php on line 209.
 1 APPPATH/Controllers/Tienda.php(209): CodeIgniter\Debug\Exceptions->errorHandler()
 2 SYSTEMPATH/CodeIgniter.php(932): App\Controllers\Tienda->verproducto()
 3 SYSTEMPATH/CodeIgniter.php(497): CodeIgniter\CodeIgniter->runController()
 4 SYSTEMPATH/CodeIgniter.php(366): CodeIgniter\CodeIgniter->handleRequest()
 5 FCPATH/index.php(67): CodeIgniter\CodeIgniter->run()
CRITICAL - 2025-05-19 20:45:56 --> Trying to access array offset on value of type null
in APPPATH/Controllers/Tienda.php on line 209.
 1 APPPATH/Controllers/Tienda.php(209): CodeIgniter\Debug\Exceptions->errorHandler()
 2 SYSTEMPATH/CodeIgniter.php(932): App\Controllers\Tienda->verproducto()
 3 SYSTEMPATH/CodeIgniter.php(497): CodeIgniter\CodeIgniter->runController()
 4 SYSTEMPATH/CodeIgniter.php(366): CodeIgniter\CodeIgniter->handleRequest()
 5 FCPATH/index.php(67): CodeIgniter\CodeIgniter->run()
CRITICAL - 2025-05-19 20:48:26 --> Trying to access array offset on value of type null
in APPPATH/Controllers/Tienda.php on line 209.
 1 APPPATH/Controllers/Tienda.php(209): CodeIgniter\Debug\Exceptions->errorHandler()
 2 SYSTEMPATH/CodeIgniter.php(932): App\Controllers\Tienda->verproducto()
 3 SYSTEMPATH/CodeIgniter.php(497): CodeIgniter\CodeIgniter->runController()
 4 SYSTEMPATH/CodeIgniter.php(366): CodeIgniter\CodeIgniter->handleRequest()
 5 FCPATH/index.php(67): CodeIgniter\CodeIgniter->run()
CRITICAL - 2025-05-19 20:48:43 --> Trying to access array offset on value of type null
in APPPATH/Controllers/Tienda.php on line 209.
 1 APPPATH/Controllers/Tienda.php(209): CodeIgniter\Debug\Exceptions->errorHandler()
 2 SYSTEMPATH/CodeIgniter.php(932): App\Controllers\Tienda->verproducto()
 3 SYSTEMPATH/CodeIgniter.php(497): CodeIgniter\CodeIgniter->runController()
 4 SYSTEMPATH/CodeIgniter.php(366): CodeIgniter\CodeIgniter->handleRequest()
 5 FCPATH/index.php(67): CodeIgniter\CodeIgniter->run()
CRITICAL - 2025-05-19 20:49:59 --> Trying to access array offset on value of type null
in APPPATH/Controllers/Tienda.php on line 209.
 1 APPPATH/Controllers/Tienda.php(209): CodeIgniter\Debug\Exceptions->errorHandler()
 2 SYSTEMPATH/CodeIgniter.php(932): App\Controllers\Tienda->verproducto()
 3 SYSTEMPATH/CodeIgniter.php(497): CodeIgniter\CodeIgniter->runController()
 4 SYSTEMPATH/CodeIgniter.php(366): CodeIgniter\CodeIgniter->handleRequest()
 5 FCPATH/index.php(67): CodeIgniter\CodeIgniter->run()
CRITICAL - 2025-05-19 20:50:40 --> Trying to access array offset on value of type null
in APPPATH/Controllers/Tienda.php on line 209.
 1 APPPATH/Controllers/Tienda.php(209): CodeIgniter\Debug\Exceptions->errorHandler()
 2 SYSTEMPATH/CodeIgniter.php(932): App\Controllers\Tienda->verproducto()
 3 SYSTEMPATH/CodeIgniter.php(497): CodeIgniter\CodeIgniter->runController()
 4 SYSTEMPATH/CodeIgniter.php(366): CodeIgniter\CodeIgniter->handleRequest()
 5 FCPATH/index.php(67): CodeIgniter\CodeIgniter->run()
CRITICAL - 2025-05-19 20:51:31 --> Trying to access array offset on value of type null
in APPPATH/Controllers/Tienda.php on line 209.
 1 APPPATH/Controllers/Tienda.php(209): CodeIgniter\Debug\Exceptions->errorHandler()
 2 SYSTEMPATH/CodeIgniter.php(932): App\Controllers\Tienda->verproducto()
 3 SYSTEMPATH/CodeIgniter.php(497): CodeIgniter\CodeIgniter->runController()
 4 SYSTEMPATH/CodeIgniter.php(366): CodeIgniter\CodeIgniter->handleRequest()
 5 FCPATH/index.php(67): CodeIgniter\CodeIgniter->run()
CRITICAL - 2025-05-19 20:51:38 --> Undefined variable $delivery
in APPPATH/Controllers/Productos.php on line 460.
 1 APPPATH/Controllers/Productos.php(460): CodeIgniter\Debug\Exceptions->errorHandler()
 2 SYSTEMPATH/CodeIgniter.php(932): App\Controllers\Productos->getProductosConDescuento()
 3 SYSTEMPATH/CodeIgniter.php(497): CodeIgniter\CodeIgniter->runController()
 4 SYSTEMPATH/CodeIgniter.php(366): CodeIgniter\CodeIgniter->handleRequest()
 5 FCPATH/index.php(67): CodeIgniter\CodeIgniter->run()
CRITICAL - 2025-05-19 20:53:39 --> Trying to access array offset on value of type null
in APPPATH/Controllers/Tienda.php on line 209.
 1 APPPATH/Controllers/Tienda.php(209): CodeIgniter\Debug\Exceptions->errorHandler()
 2 SYSTEMPATH/CodeIgniter.php(932): App\Controllers\Tienda->verproducto()
 3 SYSTEMPATH/CodeIgniter.php(497): CodeIgniter\CodeIgniter->runController()
 4 SYSTEMPATH/CodeIgniter.php(366): CodeIgniter\CodeIgniter->handleRequest()
 5 FCPATH/index.php(67): CodeIgniter\CodeIgniter->run()
CRITICAL - 2025-05-19 20:55:09 --> Undefined variable $delivery
in APPPATH/Controllers/Productos.php on line 460.
 1 APPPATH/Controllers/Productos.php(460): CodeIgniter\Debug\Exceptions->errorHandler()
 2 SYSTEMPATH/CodeIgniter.php(932): App\Controllers\Productos->getProductosConDescuento()
 3 SYSTEMPATH/CodeIgniter.php(497): CodeIgniter\CodeIgniter->runController()
 4 SYSTEMPATH/CodeIgniter.php(366): CodeIgniter\CodeIgniter->handleRequest()
 5 FCPATH/index.php(67): CodeIgniter\CodeIgniter->run()
CRITICAL - 2025-05-19 20:55:13 --> Trying to access array offset on value of type null
in APPPATH/Controllers/Tienda.php on line 209.
 1 APPPATH/Controllers/Tienda.php(209): CodeIgniter\Debug\Exceptions->errorHandler()
 2 SYSTEMPATH/CodeIgniter.php(932): App\Controllers\Tienda->verproducto()
 3 SYSTEMPATH/CodeIgniter.php(497): CodeIgniter\CodeIgniter->runController()
 4 SYSTEMPATH/CodeIgniter.php(366): CodeIgniter\CodeIgniter->handleRequest()
 5 FCPATH/index.php(67): CodeIgniter\CodeIgniter->run()
CRITICAL - 2025-05-19 20:57:41 --> Trying to access array offset on value of type null
in APPPATH/Controllers/Tienda.php on line 209.
 1 APPPATH/Controllers/Tienda.php(209): CodeIgniter\Debug\Exceptions->errorHandler()
 2 SYSTEMPATH/CodeIgniter.php(932): App\Controllers\Tienda->verproducto()
 3 SYSTEMPATH/CodeIgniter.php(497): CodeIgniter\CodeIgniter->runController()
 4 SYSTEMPATH/CodeIgniter.php(366): CodeIgniter\CodeIgniter->handleRequest()
 5 FCPATH/index.php(67): CodeIgniter\CodeIgniter->run()
CRITICAL - 2025-05-19 20:59:43 --> Trying to access array offset on value of type null
in APPPATH/Controllers/Tienda.php on line 209.
 1 APPPATH/Controllers/Tienda.php(209): CodeIgniter\Debug\Exceptions->errorHandler()
 2 SYSTEMPATH/CodeIgniter.php(932): App\Controllers\Tienda->verproducto()
 3 SYSTEMPATH/CodeIgniter.php(497): CodeIgniter\CodeIgniter->runController()
 4 SYSTEMPATH/CodeIgniter.php(366): CodeIgniter\CodeIgniter->handleRequest()
 5 FCPATH/index.php(67): CodeIgniter\CodeIgniter->run()
CRITICAL - 2025-05-19 21:03:03 --> Trying to access array offset on value of type null
in APPPATH/Controllers/Tienda.php on line 209.
 1 APPPATH/Controllers/Tienda.php(209): CodeIgniter\Debug\Exceptions->errorHandler()
 2 SYSTEMPATH/CodeIgniter.php(932): App\Controllers\Tienda->verproducto()
 3 SYSTEMPATH/CodeIgniter.php(497): CodeIgniter\CodeIgniter->runController()
 4 SYSTEMPATH/CodeIgniter.php(366): CodeIgniter\CodeIgniter->handleRequest()
 5 FCPATH/index.php(67): CodeIgniter\CodeIgniter->run()
CRITICAL - 2025-05-19 21:06:14 --> Trying to access array offset on value of type null
in APPPATH/Controllers/Tienda.php on line 209.
 1 APPPATH/Controllers/Tienda.php(209): CodeIgniter\Debug\Exceptions->errorHandler()
 2 SYSTEMPATH/CodeIgniter.php(932): App\Controllers\Tienda->verproducto()
 3 SYSTEMPATH/CodeIgniter.php(497): CodeIgniter\CodeIgniter->runController()
 4 SYSTEMPATH/CodeIgniter.php(366): CodeIgniter\CodeIgniter->handleRequest()
 5 FCPATH/index.php(67): CodeIgniter\CodeIgniter->run()
CRITICAL - 2025-05-19 21:08:45 --> Trying to access array offset on value of type null
in APPPATH/Controllers/Tienda.php on line 209.
 1 APPPATH/Controllers/Tienda.php(209): CodeIgniter\Debug\Exceptions->errorHandler()
 2 SYSTEMPATH/CodeIgniter.php(932): App\Controllers\Tienda->verproducto()
 3 SYSTEMPATH/CodeIgniter.php(497): CodeIgniter\CodeIgniter->runController()
 4 SYSTEMPATH/CodeIgniter.php(366): CodeIgniter\CodeIgniter->handleRequest()
 5 FCPATH/index.php(67): CodeIgniter\CodeIgniter->run()
CRITICAL - 2025-05-19 21:09:04 --> Trying to access array offset on value of type null
in APPPATH/Controllers/Tienda.php on line 209.
 1 APPPATH/Controllers/Tienda.php(209): CodeIgniter\Debug\Exceptions->errorHandler()
 2 SYSTEMPATH/CodeIgniter.php(932): App\Controllers\Tienda->verproducto()
 3 SYSTEMPATH/CodeIgniter.php(497): CodeIgniter\CodeIgniter->runController()
 4 SYSTEMPATH/CodeIgniter.php(366): CodeIgniter\CodeIgniter->handleRequest()
 5 FCPATH/index.php(67): CodeIgniter\CodeIgniter->run()
CRITICAL - 2025-05-19 21:09:05 --> Trying to access array offset on value of type null
in APPPATH/Controllers/Tienda.php on line 209.
 1 APPPATH/Controllers/Tienda.php(209): CodeIgniter\Debug\Exceptions->errorHandler()
 2 SYSTEMPATH/CodeIgniter.php(932): App\Controllers\Tienda->verproducto()
 3 SYSTEMPATH/CodeIgniter.php(497): CodeIgniter\CodeIgniter->runController()
 4 SYSTEMPATH/CodeIgniter.php(366): CodeIgniter\CodeIgniter->handleRequest()
 5 FCPATH/index.php(67): CodeIgniter\CodeIgniter->run()
CRITICAL - 2025-05-19 21:09:05 --> Trying to access array offset on value of type null
in APPPATH/Controllers/Tienda.php on line 209.
 1 APPPATH/Controllers/Tienda.php(209): CodeIgniter\Debug\Exceptions->errorHandler()
 2 SYSTEMPATH/CodeIgniter.php(932): App\Controllers\Tienda->verproducto()
 3 SYSTEMPATH/CodeIgniter.php(497): CodeIgniter\CodeIgniter->runController()
 4 SYSTEMPATH/CodeIgniter.php(366): CodeIgniter\CodeIgniter->handleRequest()
 5 FCPATH/index.php(67): CodeIgniter\CodeIgniter->run()
CRITICAL - 2025-05-19 21:09:06 --> Trying to access array offset on value of type null
in APPPATH/Controllers/Tienda.php on line 209.
 1 APPPATH/Controllers/Tienda.php(209): CodeIgniter\Debug\Exceptions->errorHandler()
 2 SYSTEMPATH/CodeIgniter.php(932): App\Controllers\Tienda->verproducto()
 3 SYSTEMPATH/CodeIgniter.php(497): CodeIgniter\CodeIgniter->runController()
 4 SYSTEMPATH/CodeIgniter.php(366): CodeIgniter\CodeIgniter->handleRequest()
 5 FCPATH/index.php(67): CodeIgniter\CodeIgniter->run()
CRITICAL - 2025-05-19 21:14:57 --> Trying to access array offset on value of type null
in APPPATH/Controllers/Tienda.php on line 209.
 1 APPPATH/Controllers/Tienda.php(209): CodeIgniter\Debug\Exceptions->errorHandler()
 2 SYSTEMPATH/CodeIgniter.php(932): App\Controllers\Tienda->verproducto()
 3 SYSTEMPATH/CodeIgniter.php(497): CodeIgniter\CodeIgniter->runController()
 4 SYSTEMPATH/CodeIgniter.php(366): CodeIgniter\CodeIgniter->handleRequest()
 5 FCPATH/index.php(67): CodeIgniter\CodeIgniter->run()
CRITICAL - 2025-05-19 21:25:38 --> Undefined array key "precio_con_descuento"
in APPPATH/Views/tienda/verproducto.php on line 466.
 1 APPPATH/Views/tienda/verproducto.php(466): CodeIgniter\Debug\Exceptions->errorHandler()
 2 SYSTEMPATH/View/View.php(224): include('/home/tegnex/public_html/app/Views/tienda/verproducto.php')
 3 SYSTEMPATH/View/View.php(227): CodeIgniter\View\View->CodeIgniter\View\{closure}()
 4 SYSTEMPATH/Common.php(1176): CodeIgniter\View\View->render()
 5 APPPATH/Controllers/Tienda.php(217): view()
 6 SYSTEMPATH/CodeIgniter.php(932): App\Controllers\Tienda->verproducto()
 7 SYSTEMPATH/CodeIgniter.php(497): CodeIgniter\CodeIgniter->runController()
 8 SYSTEMPATH/CodeIgniter.php(366): CodeIgniter\CodeIgniter->handleRequest()
 9 FCPATH/index.php(67): CodeIgniter\CodeIgniter->run()
CRITICAL - 2025-05-19 21:25:38 --> Undefined array key "precio_con_descuento"
in APPPATH/Views/tienda/verproducto.php on line 466.
 1 APPPATH/Views/tienda/verproducto.php(466): CodeIgniter\Debug\Exceptions->errorHandler()
 2 SYSTEMPATH/View/View.php(224): include('/home/tegnex/public_html/app/Views/tienda/verproducto.php')
 3 SYSTEMPATH/View/View.php(227): CodeIgniter\View\View->CodeIgniter\View\{closure}()
 4 SYSTEMPATH/Common.php(1176): CodeIgniter\View\View->render()
 5 APPPATH/Controllers/Tienda.php(217): view()
 6 SYSTEMPATH/CodeIgniter.php(932): App\Controllers\Tienda->verproducto()
 7 SYSTEMPATH/CodeIgniter.php(497): CodeIgniter\CodeIgniter->runController()
 8 SYSTEMPATH/CodeIgniter.php(366): CodeIgniter\CodeIgniter->handleRequest()
 9 FCPATH/index.php(67): CodeIgniter\CodeIgniter->run()
CRITICAL - 2025-05-19 21:25:38 --> Undefined array key "precio_con_descuento"
in APPPATH/Views/tienda/verproducto.php on line 466.
 1 APPPATH/Views/tienda/verproducto.php(466): CodeIgniter\Debug\Exceptions->errorHandler()
 2 SYSTEMPATH/View/View.php(224): include('/home/tegnex/public_html/app/Views/tienda/verproducto.php')
 3 SYSTEMPATH/View/View.php(227): CodeIgniter\View\View->CodeIgniter\View\{closure}()
 4 SYSTEMPATH/Common.php(1176): CodeIgniter\View\View->render()
 5 APPPATH/Controllers/Tienda.php(217): view()
 6 SYSTEMPATH/CodeIgniter.php(932): App\Controllers\Tienda->verproducto()
 7 SYSTEMPATH/CodeIgniter.php(497): CodeIgniter\CodeIgniter->runController()
 8 SYSTEMPATH/CodeIgniter.php(366): CodeIgniter\CodeIgniter->handleRequest()
 9 FCPATH/index.php(67): CodeIgniter\CodeIgniter->run()
CRITICAL - 2025-05-19 21:25:54 --> Undefined array key "precio_con_descuento"
in APPPATH/Views/tienda/verproducto.php on line 466.
 1 APPPATH/Views/tienda/verproducto.php(466): CodeIgniter\Debug\Exceptions->errorHandler()
 2 SYSTEMPATH/View/View.php(224): include('/home/tegnex/public_html/app/Views/tienda/verproducto.php')
 3 SYSTEMPATH/View/View.php(227): CodeIgniter\View\View->CodeIgniter\View\{closure}()
 4 SYSTEMPATH/Common.php(1176): CodeIgniter\View\View->render()
 5 APPPATH/Controllers/Tienda.php(217): view()
 6 SYSTEMPATH/CodeIgniter.php(932): App\Controllers\Tienda->verproducto()
 7 SYSTEMPATH/CodeIgniter.php(497): CodeIgniter\CodeIgniter->runController()
 8 SYSTEMPATH/CodeIgniter.php(366): CodeIgniter\CodeIgniter->handleRequest()
 9 FCPATH/index.php(67): CodeIgniter\CodeIgniter->run()
CRITICAL - 2025-05-19 21:26:01 --> Undefined array key "precio_con_descuento"
in APPPATH/Views/tienda/verproducto.php on line 466.
 1 APPPATH/Views/tienda/verproducto.php(466): CodeIgniter\Debug\Exceptions->errorHandler()
 2 SYSTEMPATH/View/View.php(224): include('/home/tegnex/public_html/app/Views/tienda/verproducto.php')
 3 SYSTEMPATH/View/View.php(227): CodeIgniter\View\View->CodeIgniter\View\{closure}()
 4 SYSTEMPATH/Common.php(1176): CodeIgniter\View\View->render()
 5 APPPATH/Controllers/Tienda.php(217): view()
 6 SYSTEMPATH/CodeIgniter.php(932): App\Controllers\Tienda->verproducto()
 7 SYSTEMPATH/CodeIgniter.php(497): CodeIgniter\CodeIgniter->runController()
 8 SYSTEMPATH/CodeIgniter.php(366): CodeIgniter\CodeIgniter->handleRequest()
 9 FCPATH/index.php(67): CodeIgniter\CodeIgniter->run()
CRITICAL - 2025-05-19 21:26:09 --> Undefined array key "precio_con_descuento"
in APPPATH/Views/tienda/verproducto.php on line 466.
 1 APPPATH/Views/tienda/verproducto.php(466): CodeIgniter\Debug\Exceptions->errorHandler()
 2 SYSTEMPATH/View/View.php(224): include('/home/tegnex/public_html/app/Views/tienda/verproducto.php')
 3 SYSTEMPATH/View/View.php(227): CodeIgniter\View\View->CodeIgniter\View\{closure}()
 4 SYSTEMPATH/Common.php(1176): CodeIgniter\View\View->render()
 5 APPPATH/Controllers/Tienda.php(217): view()
 6 SYSTEMPATH/CodeIgniter.php(932): App\Controllers\Tienda->verproducto()
 7 SYSTEMPATH/CodeIgniter.php(497): CodeIgniter\CodeIgniter->runController()
 8 SYSTEMPATH/CodeIgniter.php(366): CodeIgniter\CodeIgniter->handleRequest()
 9 FCPATH/index.php(67): CodeIgniter\CodeIgniter->run()
CRITICAL - 2025-05-19 21:28:56 --> Undefined array key "precio_con_descuento"
in APPPATH/Views/tienda/verproducto.php on line 466.
 1 APPPATH/Views/tienda/verproducto.php(466): CodeIgniter\Debug\Exceptions->errorHandler()
 2 SYSTEMPATH/View/View.php(224): include('/home/tegnex/public_html/app/Views/tienda/verproducto.php')
 3 SYSTEMPATH/View/View.php(227): CodeIgniter\View\View->CodeIgniter\View\{closure}()
 4 SYSTEMPATH/Common.php(1176): CodeIgniter\View\View->render()
 5 APPPATH/Controllers/Tienda.php(217): view()
 6 SYSTEMPATH/CodeIgniter.php(932): App\Controllers\Tienda->verproducto()
 7 SYSTEMPATH/CodeIgniter.php(497): CodeIgniter\CodeIgniter->runController()
 8 SYSTEMPATH/CodeIgniter.php(366): CodeIgniter\CodeIgniter->handleRequest()
 9 FCPATH/index.php(67): CodeIgniter\CodeIgniter->run()
CRITICAL - 2025-05-19 21:32:23 --> Undefined array key "precio_con_descuento"
in APPPATH/Views/tienda/verproducto.php on line 466.
 1 APPPATH/Views/tienda/verproducto.php(466): CodeIgniter\Debug\Exceptions->errorHandler()
 2 SYSTEMPATH/View/View.php(224): include('/home/tegnex/public_html/app/Views/tienda/verproducto.php')
 3 SYSTEMPATH/View/View.php(227): CodeIgniter\View\View->CodeIgniter\View\{closure}()
 4 SYSTEMPATH/Common.php(1176): CodeIgniter\View\View->render()
 5 APPPATH/Controllers/Tienda.php(219): view()
 6 SYSTEMPATH/CodeIgniter.php(932): App\Controllers\Tienda->verproducto()
 7 SYSTEMPATH/CodeIgniter.php(497): CodeIgniter\CodeIgniter->runController()
 8 SYSTEMPATH/CodeIgniter.php(366): CodeIgniter\CodeIgniter->handleRequest()
 9 FCPATH/index.php(67): CodeIgniter\CodeIgniter->run()
CRITICAL - 2025-05-19 21:34:26 --> Undefined array key "precio_con_descuento"
in APPPATH/Views/tienda/verproducto.php on line 466.
 1 APPPATH/Views/tienda/verproducto.php(466): CodeIgniter\Debug\Exceptions->errorHandler()
 2 SYSTEMPATH/View/View.php(224): include('/home/tegnex/public_html/app/Views/tienda/verproducto.php')
 3 SYSTEMPATH/View/View.php(227): CodeIgniter\View\View->CodeIgniter\View\{closure}()
 4 SYSTEMPATH/Common.php(1176): CodeIgniter\View\View->render()
 5 APPPATH/Controllers/Tienda.php(220): view()
 6 SYSTEMPATH/CodeIgniter.php(932): App\Controllers\Tienda->verproducto()
 7 SYSTEMPATH/CodeIgniter.php(497): CodeIgniter\CodeIgniter->runController()
 8 SYSTEMPATH/CodeIgniter.php(366): CodeIgniter\CodeIgniter->handleRequest()
 9 FCPATH/index.php(67): CodeIgniter\CodeIgniter->run()
CRITICAL - 2025-05-19 21:34:30 --> Undefined array key "precio_con_descuento"
in APPPATH/Views/tienda/verproducto.php on line 466.
 1 APPPATH/Views/tienda/verproducto.php(466): CodeIgniter\Debug\Exceptions->errorHandler()
 2 SYSTEMPATH/View/View.php(224): include('/home/tegnex/public_html/app/Views/tienda/verproducto.php')
 3 SYSTEMPATH/View/View.php(227): CodeIgniter\View\View->CodeIgniter\View\{closure}()
 4 SYSTEMPATH/Common.php(1176): CodeIgniter\View\View->render()
 5 APPPATH/Controllers/Tienda.php(220): view()
 6 SYSTEMPATH/CodeIgniter.php(932): App\Controllers\Tienda->verproducto()
 7 SYSTEMPATH/CodeIgniter.php(497): CodeIgniter\CodeIgniter->runController()
 8 SYSTEMPATH/CodeIgniter.php(366): CodeIgniter\CodeIgniter->handleRequest()
 9 FCPATH/index.php(67): CodeIgniter\CodeIgniter->run()
CRITICAL - 2025-05-19 21:34:42 --> Undefined array key "precio_con_descuento"
in APPPATH/Views/tienda/verproducto.php on line 466.
 1 APPPATH/Views/tienda/verproducto.php(466): CodeIgniter\Debug\Exceptions->errorHandler()
 2 SYSTEMPATH/View/View.php(224): include('/home/tegnex/public_html/app/Views/tienda/verproducto.php')
 3 SYSTEMPATH/View/View.php(227): CodeIgniter\View\View->CodeIgniter\View\{closure}()
 4 SYSTEMPATH/Common.php(1176): CodeIgniter\View\View->render()
 5 APPPATH/Controllers/Tienda.php(220): view()
 6 SYSTEMPATH/CodeIgniter.php(932): App\Controllers\Tienda->verproducto()
 7 SYSTEMPATH/CodeIgniter.php(497): CodeIgniter\CodeIgniter->runController()
 8 SYSTEMPATH/CodeIgniter.php(366): CodeIgniter\CodeIgniter->handleRequest()
 9 FCPATH/index.php(67): CodeIgniter\CodeIgniter->run()
CRITICAL - 2025-05-19 21:35:13 --> Undefined array key "precio_con_descuento"
in APPPATH/Views/tienda/verproducto.php on line 466.
 1 APPPATH/Views/tienda/verproducto.php(466): CodeIgniter\Debug\Exceptions->errorHandler()
 2 SYSTEMPATH/View/View.php(224): include('/home/tegnex/public_html/app/Views/tienda/verproducto.php')
 3 SYSTEMPATH/View/View.php(227): CodeIgniter\View\View->CodeIgniter\View\{closure}()
 4 SYSTEMPATH/Common.php(1176): CodeIgniter\View\View->render()
 5 APPPATH/Controllers/Tienda.php(215): view()
 6 SYSTEMPATH/CodeIgniter.php(932): App\Controllers\Tienda->verproducto()
 7 SYSTEMPATH/CodeIgniter.php(497): CodeIgniter\CodeIgniter->runController()
 8 SYSTEMPATH/CodeIgniter.php(366): CodeIgniter\CodeIgniter->handleRequest()
 9 FCPATH/index.php(67): CodeIgniter\CodeIgniter->run()
CRITICAL - 2025-05-19 21:35:35 --> Undefined variable $precioMostrar
in APPPATH/Views/tienda/verproducto.php on line 486.
 1 APPPATH/Views/tienda/verproducto.php(486): CodeIgniter\Debug\Exceptions->errorHandler()
 2 SYSTEMPATH/View/View.php(224): include('/home/tegnex/public_html/app/Views/tienda/verproducto.php')
 3 SYSTEMPATH/View/View.php(227): CodeIgniter\View\View->CodeIgniter\View\{closure}()
 4 SYSTEMPATH/Common.php(1176): CodeIgniter\View\View->render()
 5 APPPATH/Controllers/Tienda.php(215): view()
 6 SYSTEMPATH/CodeIgniter.php(932): App\Controllers\Tienda->verproducto()
 7 SYSTEMPATH/CodeIgniter.php(497): CodeIgniter\CodeIgniter->runController()
 8 SYSTEMPATH/CodeIgniter.php(366): CodeIgniter\CodeIgniter->handleRequest()
 9 FCPATH/index.php(67): CodeIgniter\CodeIgniter->run()
CRITICAL - 2025-05-19 21:35:54 --> Undefined array key "precio_con_descuento"
in APPPATH/Views/tienda/verproducto.php on line 498.
 1 APPPATH/Views/tienda/verproducto.php(498): CodeIgniter\Debug\Exceptions->errorHandler()
 2 SYSTEMPATH/View/View.php(224): include('/home/tegnex/public_html/app/Views/tienda/verproducto.php')
 3 SYSTEMPATH/View/View.php(227): CodeIgniter\View\View->CodeIgniter\View\{closure}()
 4 SYSTEMPATH/Common.php(1176): CodeIgniter\View\View->render()
 5 APPPATH/Controllers/Tienda.php(215): view()
 6 SYSTEMPATH/CodeIgniter.php(932): App\Controllers\Tienda->verproducto()
 7 SYSTEMPATH/CodeIgniter.php(497): CodeIgniter\CodeIgniter->runController()
 8 SYSTEMPATH/CodeIgniter.php(366): CodeIgniter\CodeIgniter->handleRequest()
 9 FCPATH/index.php(67): CodeIgniter\CodeIgniter->run()
CRITICAL - 2025-05-19 21:37:13 --> Undefined variable $delivery
in APPPATH/Controllers/Productos.php on line 460.
 1 APPPATH/Controllers/Productos.php(460): CodeIgniter\Debug\Exceptions->errorHandler()
 2 SYSTEMPATH/CodeIgniter.php(932): App\Controllers\Productos->getProductosConDescuento()
 3 SYSTEMPATH/CodeIgniter.php(497): CodeIgniter\CodeIgniter->runController()
 4 SYSTEMPATH/CodeIgniter.php(366): CodeIgniter\CodeIgniter->handleRequest()
 5 FCPATH/index.php(67): CodeIgniter\CodeIgniter->run()
CRITICAL - 2025-05-19 21:37:59 --> Undefined variable $delivery
in APPPATH/Controllers/Productos.php on line 460.
 1 APPPATH/Controllers/Productos.php(460): CodeIgniter\Debug\Exceptions->errorHandler()
 2 SYSTEMPATH/CodeIgniter.php(932): App\Controllers\Productos->getProductosConDescuento()
 3 SYSTEMPATH/CodeIgniter.php(497): CodeIgniter\CodeIgniter->runController()
 4 SYSTEMPATH/CodeIgniter.php(366): CodeIgniter\CodeIgniter->handleRequest()
 5 FCPATH/index.php(67): CodeIgniter\CodeIgniter->run()
CRITICAL - 2025-05-19 21:38:38 --> Undefined variable $delivery
in APPPATH/Controllers/Productos.php on line 460.
 1 APPPATH/Controllers/Productos.php(460): CodeIgniter\Debug\Exceptions->errorHandler()
 2 SYSTEMPATH/CodeIgniter.php(932): App\Controllers\Productos->getProductosConDescuento()
 3 SYSTEMPATH/CodeIgniter.php(497): CodeIgniter\CodeIgniter->runController()
 4 SYSTEMPATH/CodeIgniter.php(366): CodeIgniter\CodeIgniter->handleRequest()
 5 FCPATH/index.php(67): CodeIgniter\CodeIgniter->run()
CRITICAL - 2025-05-19 21:38:46 --> Undefined variable $delivery
in APPPATH/Controllers/Productos.php on line 460.
 1 APPPATH/Controllers/Productos.php(460): CodeIgniter\Debug\Exceptions->errorHandler()
 2 SYSTEMPATH/CodeIgniter.php(932): App\Controllers\Productos->getProductosConDescuento()
 3 SYSTEMPATH/CodeIgniter.php(497): CodeIgniter\CodeIgniter->runController()
 4 SYSTEMPATH/CodeIgniter.php(366): CodeIgniter\CodeIgniter->handleRequest()
 5 FCPATH/index.php(67): CodeIgniter\CodeIgniter->run()
CRITICAL - 2025-05-19 21:39:53 --> Undefined variable $delivery
in APPPATH/Controllers/Productos.php on line 460.
 1 APPPATH/Controllers/Productos.php(460): CodeIgniter\Debug\Exceptions->errorHandler()
 2 SYSTEMPATH/CodeIgniter.php(932): App\Controllers\Productos->getProductosConDescuento()
 3 SYSTEMPATH/CodeIgniter.php(497): CodeIgniter\CodeIgniter->runController()
 4 SYSTEMPATH/CodeIgniter.php(366): CodeIgniter\CodeIgniter->handleRequest()
 5 FCPATH/index.php(67): CodeIgniter\CodeIgniter->run()
CRITICAL - 2025-05-19 21:40:00 --> Undefined variable $delivery
in APPPATH/Controllers/Productos.php on line 460.
 1 APPPATH/Controllers/Productos.php(460): CodeIgniter\Debug\Exceptions->errorHandler()
 2 SYSTEMPATH/CodeIgniter.php(932): App\Controllers\Productos->getProductosConDescuento()
 3 SYSTEMPATH/CodeIgniter.php(497): CodeIgniter\CodeIgniter->runController()
 4 SYSTEMPATH/CodeIgniter.php(366): CodeIgniter\CodeIgniter->handleRequest()
 5 FCPATH/index.php(67): CodeIgniter\CodeIgniter->run()
CRITICAL - 2025-05-19 21:41:15 --> Undefined variable $delivery
in APPPATH/Controllers/Productos.php on line 460.
 1 APPPATH/Controllers/Productos.php(460): CodeIgniter\Debug\Exceptions->errorHandler()
 2 SYSTEMPATH/CodeIgniter.php(932): App\Controllers\Productos->getProductosConDescuento()
 3 SYSTEMPATH/CodeIgniter.php(497): CodeIgniter\CodeIgniter->runController()
 4 SYSTEMPATH/CodeIgniter.php(366): CodeIgniter\CodeIgniter->handleRequest()
 5 FCPATH/index.php(67): CodeIgniter\CodeIgniter->run()
CRITICAL - 2025-05-19 21:41:47 --> Undefined array key "nombre"
in APPPATH/Views/admin/bannertienda.php on line 142.
 1 APPPATH/Views/admin/bannertienda.php(142): CodeIgniter\Debug\Exceptions->errorHandler()
 2 SYSTEMPATH/View/View.php(224): include('/home/tegnex/public_html/app/Views/admin/bannertienda.php')
 3 SYSTEMPATH/View/View.php(227): CodeIgniter\View\View->CodeIgniter\View\{closure}()
 4 SYSTEMPATH/Common.php(1176): CodeIgniter\View\View->render()
 5 APPPATH/Controllers/Bannertienda.php(32): view()
 6 SYSTEMPATH/CodeIgniter.php(932): App\Controllers\Bannertienda->index()
 7 SYSTEMPATH/CodeIgniter.php(497): CodeIgniter\CodeIgniter->runController()
 8 SYSTEMPATH/CodeIgniter.php(366): CodeIgniter\CodeIgniter->handleRequest()
 9 FCPATH/index.php(67): CodeIgniter\CodeIgniter->run()
CRITICAL - 2025-05-19 21:41:55 --> Undefined array key "producto_descripcion"
in APPPATH/Views/admin/productos.php on line 348.
 1 APPPATH/Views/admin/productos.php(348): CodeIgniter\Debug\Exceptions->errorHandler()
 2 SYSTEMPATH/View/View.php(224): include('/home/tegnex/public_html/app/Views/admin/productos.php')
 3 SYSTEMPATH/View/View.php(227): CodeIgniter\View\View->CodeIgniter\View\{closure}()
 4 SYSTEMPATH/Common.php(1176): CodeIgniter\View\View->render()
 5 APPPATH/Controllers/Productos.php(41): view()
 6 SYSTEMPATH/CodeIgniter.php(932): App\Controllers\Productos->index()
 7 SYSTEMPATH/CodeIgniter.php(497): CodeIgniter\CodeIgniter->runController()
 8 SYSTEMPATH/CodeIgniter.php(366): CodeIgniter\CodeIgniter->handleRequest()
 9 FCPATH/index.php(67): CodeIgniter\CodeIgniter->run()
CRITICAL - 2025-05-19 21:43:24 --> Undefined array key "nombre"
in APPPATH/Views/admin/bannertienda.php on line 142.
 1 APPPATH/Views/admin/bannertienda.php(142): CodeIgniter\Debug\Exceptions->errorHandler()
 2 SYSTEMPATH/View/View.php(224): include('/home/tegnex/public_html/app/Views/admin/bannertienda.php')
 3 SYSTEMPATH/View/View.php(227): CodeIgniter\View\View->CodeIgniter\View\{closure}()
 4 SYSTEMPATH/Common.php(1176): CodeIgniter\View\View->render()
 5 APPPATH/Controllers/Bannertienda.php(32): view()
 6 SYSTEMPATH/CodeIgniter.php(932): App\Controllers\Bannertienda->index()
 7 SYSTEMPATH/CodeIgniter.php(497): CodeIgniter\CodeIgniter->runController()
 8 SYSTEMPATH/CodeIgniter.php(366): CodeIgniter\CodeIgniter->handleRequest()
 9 FCPATH/index.php(67): CodeIgniter\CodeIgniter->run()
CRITICAL - 2025-05-19 21:44:01 --> Undefined array key "producto_descripcion"
in APPPATH/Views/admin/productos.php on line 348.
 1 APPPATH/Views/admin/productos.php(348): CodeIgniter\Debug\Exceptions->errorHandler()
 2 SYSTEMPATH/View/View.php(224): include('/home/tegnex/public_html/app/Views/admin/productos.php')
 3 SYSTEMPATH/View/View.php(227): CodeIgniter\View\View->CodeIgniter\View\{closure}()
 4 SYSTEMPATH/Common.php(1176): CodeIgniter\View\View->render()
 5 APPPATH/Controllers/Productos.php(41): view()
 6 SYSTEMPATH/CodeIgniter.php(932): App\Controllers\Productos->index()
 7 SYSTEMPATH/CodeIgniter.php(497): CodeIgniter\CodeIgniter->runController()
 8 SYSTEMPATH/CodeIgniter.php(366): CodeIgniter\CodeIgniter->handleRequest()
 9 FCPATH/index.php(67): CodeIgniter\CodeIgniter->run()
CRITICAL - 2025-05-19 21:45:14 --> Undefined array key "descripcion"
in APPPATH/Views/admin/productos.php on line 348.
 1 APPPATH/Views/admin/productos.php(348): CodeIgniter\Debug\Exceptions->errorHandler()
 2 SYSTEMPATH/View/View.php(224): include('/home/tegnex/public_html/app/Views/admin/productos.php')
 3 SYSTEMPATH/View/View.php(227): CodeIgniter\View\View->CodeIgniter\View\{closure}()
 4 SYSTEMPATH/Common.php(1176): CodeIgniter\View\View->render()
 5 APPPATH/Controllers/Productos.php(41): view()
 6 SYSTEMPATH/CodeIgniter.php(932): App\Controllers\Productos->index()
 7 SYSTEMPATH/CodeIgniter.php(497): CodeIgniter\CodeIgniter->runController()
 8 SYSTEMPATH/CodeIgniter.php(366): CodeIgniter\CodeIgniter->handleRequest()
 9 FCPATH/index.php(67): CodeIgniter\CodeIgniter->run()
CRITICAL - 2025-05-19 21:46:11 --> Undefined array key "stock_total"
in APPPATH/Views/admin/productos.php on line 350.
 1 APPPATH/Views/admin/productos.php(350): CodeIgniter\Debug\Exceptions->errorHandler()
 2 SYSTEMPATH/View/View.php(224): include('/home/tegnex/public_html/app/Views/admin/productos.php')
 3 SYSTEMPATH/View/View.php(227): CodeIgniter\View\View->CodeIgniter\View\{closure}()
 4 SYSTEMPATH/Common.php(1176): CodeIgniter\View\View->render()
 5 APPPATH/Controllers/Productos.php(41): view()
 6 SYSTEMPATH/CodeIgniter.php(932): App\Controllers\Productos->index()
 7 SYSTEMPATH/CodeIgniter.php(497): CodeIgniter\CodeIgniter->runController()
 8 SYSTEMPATH/CodeIgniter.php(366): CodeIgniter\CodeIgniter->handleRequest()
 9 FCPATH/index.php(67): CodeIgniter\CodeIgniter->run()
CRITICAL - 2025-05-19 21:49:45 --> Undefined variable $delivery
in APPPATH/Controllers/Productos.php on line 460.
 1 APPPATH/Controllers/Productos.php(460): CodeIgniter\Debug\Exceptions->errorHandler()
 2 SYSTEMPATH/CodeIgniter.php(932): App\Controllers\Productos->getProductosConDescuento()
 3 SYSTEMPATH/CodeIgniter.php(497): CodeIgniter\CodeIgniter->runController()
 4 SYSTEMPATH/CodeIgniter.php(366): CodeIgniter\CodeIgniter->handleRequest()
 5 FCPATH/index.php(67): CodeIgniter\CodeIgniter->run()
CRITICAL - 2025-05-19 21:50:04 --> Undefined array key "producto_descripcion"
in APPPATH/Views/admin/productos.php on line 348.
 1 APPPATH/Views/admin/productos.php(348): CodeIgniter\Debug\Exceptions->errorHandler()
 2 SYSTEMPATH/View/View.php(224): include('/home/tegnex/public_html/app/Views/admin/productos.php')
 3 SYSTEMPATH/View/View.php(227): CodeIgniter\View\View->CodeIgniter\View\{closure}()
 4 SYSTEMPATH/Common.php(1176): CodeIgniter\View\View->render()
 5 APPPATH/Controllers/Productos.php(41): view()
 6 SYSTEMPATH/CodeIgniter.php(932): App\Controllers\Productos->index()
 7 SYSTEMPATH/CodeIgniter.php(497): CodeIgniter\CodeIgniter->runController()
 8 SYSTEMPATH/CodeIgniter.php(366): CodeIgniter\CodeIgniter->handleRequest()
 9 FCPATH/index.php(67): CodeIgniter\CodeIgniter->run()
CRITICAL - 2025-05-19 21:52:22 --> Undefined array key "nombre"
in APPPATH/Views/admin/bannertienda.php on line 142.
 1 APPPATH/Views/admin/bannertienda.php(142): CodeIgniter\Debug\Exceptions->errorHandler()
 2 SYSTEMPATH/View/View.php(224): include('/home/tegnex/public_html/app/Views/admin/bannertienda.php')
 3 SYSTEMPATH/View/View.php(227): CodeIgniter\View\View->CodeIgniter\View\{closure}()
 4 SYSTEMPATH/Common.php(1176): CodeIgniter\View\View->render()
 5 APPPATH/Controllers/Bannertienda.php(32): view()
 6 SYSTEMPATH/CodeIgniter.php(932): App\Controllers\Bannertienda->index()
 7 SYSTEMPATH/CodeIgniter.php(497): CodeIgniter\CodeIgniter->runController()
 8 SYSTEMPATH/CodeIgniter.php(366): CodeIgniter\CodeIgniter->handleRequest()
 9 FCPATH/index.php(67): CodeIgniter\CodeIgniter->run()
CRITICAL - 2025-05-19 21:52:28 --> Undefined variable $clientes
in APPPATH/Views/admin/clientes.php on line 76.
 1 APPPATH/Views/admin/clientes.php(76): CodeIgniter\Debug\Exceptions->errorHandler()
 2 SYSTEMPATH/View/View.php(224): include('/home/tegnex/public_html/app/Views/admin/clientes.php')
 3 SYSTEMPATH/View/View.php(227): CodeIgniter\View\View->CodeIgniter\View\{closure}()
 4 SYSTEMPATH/Common.php(1176): CodeIgniter\View\View->render()
 5 APPPATH/Controllers/Clientes.php(13): view()
 6 SYSTEMPATH/CodeIgniter.php(932): App\Controllers\Clientes->index()
 7 SYSTEMPATH/CodeIgniter.php(497): CodeIgniter\CodeIgniter->runController()
 8 SYSTEMPATH/CodeIgniter.php(366): CodeIgniter\CodeIgniter->handleRequest()
 9 FCPATH/index.php(67): CodeIgniter\CodeIgniter->run()
CRITICAL - 2025-05-19 21:52:41 --> Undefined variable $clientes
in APPPATH/Views/admin/usuarios.php on line 81.
 1 APPPATH/Views/admin/usuarios.php(81): CodeIgniter\Debug\Exceptions->errorHandler()
 2 SYSTEMPATH/View/View.php(224): include('/home/tegnex/public_html/app/Views/admin/usuarios.php')
 3 SYSTEMPATH/View/View.php(227): CodeIgniter\View\View->CodeIgniter\View\{closure}()
 4 SYSTEMPATH/Common.php(1176): CodeIgniter\View\View->render()
 5 APPPATH/Controllers/Usuarios.php(20): view()
 6 SYSTEMPATH/CodeIgniter.php(932): App\Controllers\Usuarios->index()
 7 SYSTEMPATH/CodeIgniter.php(497): CodeIgniter\CodeIgniter->runController()
 8 SYSTEMPATH/CodeIgniter.php(366): CodeIgniter\CodeIgniter->handleRequest()
 9 FCPATH/index.php(67): CodeIgniter\CodeIgniter->run()
CRITICAL - 2025-05-19 21:52:52 --> Undefined variable $clientes
in APPPATH/Views/admin/clientes.php on line 76.
 1 APPPATH/Views/admin/clientes.php(76): CodeIgniter\Debug\Exceptions->errorHandler()
 2 SYSTEMPATH/View/View.php(224): include('/home/tegnex/public_html/app/Views/admin/clientes.php')
 3 SYSTEMPATH/View/View.php(227): CodeIgniter\View\View->CodeIgniter\View\{closure}()
 4 SYSTEMPATH/Common.php(1176): CodeIgniter\View\View->render()
 5 APPPATH/Controllers/Clientes.php(13): view()
 6 SYSTEMPATH/CodeIgniter.php(932): App\Controllers\Clientes->index()
 7 SYSTEMPATH/CodeIgniter.php(497): CodeIgniter\CodeIgniter->runController()
 8 SYSTEMPATH/CodeIgniter.php(366): CodeIgniter\CodeIgniter->handleRequest()
 9 FCPATH/index.php(67): CodeIgniter\CodeIgniter->run()
CRITICAL - 2025-05-19 21:57:02 --> Undefined variable $clientes
in APPPATH/Views/admin/usuarios.php on line 81.
 1 APPPATH/Views/admin/usuarios.php(81): CodeIgniter\Debug\Exceptions->errorHandler()
 2 SYSTEMPATH/View/View.php(224): include('/home/tegnex/public_html/app/Views/admin/usuarios.php')
 3 SYSTEMPATH/View/View.php(227): CodeIgniter\View\View->CodeIgniter\View\{closure}()
 4 SYSTEMPATH/Common.php(1176): CodeIgniter\View\View->render()
 5 APPPATH/Controllers/Usuarios.php(20): view()
 6 SYSTEMPATH/CodeIgniter.php(932): App\Controllers\Usuarios->index()
 7 SYSTEMPATH/CodeIgniter.php(497): CodeIgniter\CodeIgniter->runController()
 8 SYSTEMPATH/CodeIgniter.php(366): CodeIgniter\CodeIgniter->handleRequest()
 9 FCPATH/index.php(67): CodeIgniter\CodeIgniter->run()
CRITICAL - 2025-05-19 22:01:06 --> Undefined variable $usuarios
in APPPATH/Views/admin/clientes.php on line 76.
 1 APPPATH/Views/admin/clientes.php(76): CodeIgniter\Debug\Exceptions->errorHandler()
 2 SYSTEMPATH/View/View.php(224): include('/home/tegnex/public_html/app/Views/admin/clientes.php')
 3 SYSTEMPATH/View/View.php(227): CodeIgniter\View\View->CodeIgniter\View\{closure}()
 4 SYSTEMPATH/Common.php(1176): CodeIgniter\View\View->render()
 5 APPPATH/Controllers/Clientes.php(13): view()
 6 SYSTEMPATH/CodeIgniter.php(932): App\Controllers\Clientes->index()
 7 SYSTEMPATH/CodeIgniter.php(497): CodeIgniter\CodeIgniter->runController()
 8 SYSTEMPATH/CodeIgniter.php(366): CodeIgniter\CodeIgniter->handleRequest()
 9 FCPATH/index.php(67): CodeIgniter\CodeIgniter->run()
CRITICAL - 2025-05-19 22:01:45 --> Undefined variable $usuarios
in APPPATH/Views/admin/clientes.php on line 76.
 1 APPPATH/Views/admin/clientes.php(76): CodeIgniter\Debug\Exceptions->errorHandler()
 2 SYSTEMPATH/View/View.php(224): include('/home/tegnex/public_html/app/Views/admin/clientes.php')
 3 SYSTEMPATH/View/View.php(227): CodeIgniter\View\View->CodeIgniter\View\{closure}()
 4 SYSTEMPATH/Common.php(1176): CodeIgniter\View\View->render()
 5 APPPATH/Controllers/Clientes.php(13): view()
 6 SYSTEMPATH/CodeIgniter.php(932): App\Controllers\Clientes->index()
 7 SYSTEMPATH/CodeIgniter.php(497): CodeIgniter\CodeIgniter->runController()
 8 SYSTEMPATH/CodeIgniter.php(366): CodeIgniter\CodeIgniter->handleRequest()
 9 FCPATH/index.php(67): CodeIgniter\CodeIgniter->run()
CRITICAL - 2025-05-19 22:02:36 --> Undefined array key "nombre"
in APPPATH/Views/admin/bannertienda.php on line 142.
 1 APPPATH/Views/admin/bannertienda.php(142): CodeIgniter\Debug\Exceptions->errorHandler()
 2 SYSTEMPATH/View/View.php(224): include('/home/tegnex/public_html/app/Views/admin/bannertienda.php')
 3 SYSTEMPATH/View/View.php(227): CodeIgniter\View\View->CodeIgniter\View\{closure}()
 4 SYSTEMPATH/Common.php(1176): CodeIgniter\View\View->render()
 5 APPPATH/Controllers/Bannertienda.php(32): view()
 6 SYSTEMPATH/CodeIgniter.php(932): App\Controllers\Bannertienda->index()
 7 SYSTEMPATH/CodeIgniter.php(497): CodeIgniter\CodeIgniter->runController()
 8 SYSTEMPATH/CodeIgniter.php(366): CodeIgniter\CodeIgniter->handleRequest()
 9 FCPATH/index.php(67): CodeIgniter\CodeIgniter->run()
CRITICAL - 2025-05-19 22:02:43 --> Undefined array key "nombre"
in APPPATH/Views/admin/bannertienda.php on line 142.
 1 APPPATH/Views/admin/bannertienda.php(142): CodeIgniter\Debug\Exceptions->errorHandler()
 2 SYSTEMPATH/View/View.php(224): include('/home/tegnex/public_html/app/Views/admin/bannertienda.php')
 3 SYSTEMPATH/View/View.php(227): CodeIgniter\View\View->CodeIgniter\View\{closure}()
 4 SYSTEMPATH/Common.php(1176): CodeIgniter\View\View->render()
 5 APPPATH/Controllers/Bannertienda.php(32): view()
 6 SYSTEMPATH/CodeIgniter.php(932): App\Controllers\Bannertienda->index()
 7 SYSTEMPATH/CodeIgniter.php(497): CodeIgniter\CodeIgniter->runController()
 8 SYSTEMPATH/CodeIgniter.php(366): CodeIgniter\CodeIgniter->handleRequest()
 9 FCPATH/index.php(67): CodeIgniter\CodeIgniter->run()
CRITICAL - 2025-05-19 22:02:49 --> Undefined variable $clientes
in APPPATH/Views/admin/clientes.php on line 76.
 1 APPPATH/Views/admin/clientes.php(76): CodeIgniter\Debug\Exceptions->errorHandler()
 2 SYSTEMPATH/View/View.php(224): include('/home/tegnex/public_html/app/Views/admin/clientes.php')
 3 SYSTEMPATH/View/View.php(227): CodeIgniter\View\View->CodeIgniter\View\{closure}()
 4 SYSTEMPATH/Common.php(1176): CodeIgniter\View\View->render()
 5 APPPATH/Controllers/Clientes.php(13): view()
 6 SYSTEMPATH/CodeIgniter.php(932): App\Controllers\Clientes->index()
 7 SYSTEMPATH/CodeIgniter.php(497): CodeIgniter\CodeIgniter->runController()
 8 SYSTEMPATH/CodeIgniter.php(366): CodeIgniter\CodeIgniter->handleRequest()
 9 FCPATH/index.php(67): CodeIgniter\CodeIgniter->run()
CRITICAL - 2025-05-19 22:03:39 --> Undefined array key "nombre"
in APPPATH/Views/admin/bannertienda.php on line 142.
 1 APPPATH/Views/admin/bannertienda.php(142): CodeIgniter\Debug\Exceptions->errorHandler()
 2 SYSTEMPATH/View/View.php(224): include('/home/tegnex/public_html/app/Views/admin/bannertienda.php')
 3 SYSTEMPATH/View/View.php(227): CodeIgniter\View\View->CodeIgniter\View\{closure}()
 4 SYSTEMPATH/Common.php(1176): CodeIgniter\View\View->render()
 5 APPPATH/Controllers/Bannertienda.php(32): view()
 6 SYSTEMPATH/CodeIgniter.php(932): App\Controllers\Bannertienda->index()
 7 SYSTEMPATH/CodeIgniter.php(497): CodeIgniter\CodeIgniter->runController()
 8 SYSTEMPATH/CodeIgniter.php(366): CodeIgniter\CodeIgniter->handleRequest()
 9 FCPATH/index.php(67): CodeIgniter\CodeIgniter->run()
CRITICAL - 2025-05-19 22:06:01 --> Undefined array key "nombre_image"
in APPPATH/Views/admin/bannertienda.php on line 142.
 1 APPPATH/Views/admin/bannertienda.php(142): CodeIgniter\Debug\Exceptions->errorHandler()
 2 SYSTEMPATH/View/View.php(224): include('/home/tegnex/public_html/app/Views/admin/bannertienda.php')
 3 SYSTEMPATH/View/View.php(227): CodeIgniter\View\View->CodeIgniter\View\{closure}()
 4 SYSTEMPATH/Common.php(1176): CodeIgniter\View\View->render()
 5 APPPATH/Controllers/Bannertienda.php(32): view()
 6 SYSTEMPATH/CodeIgniter.php(932): App\Controllers\Bannertienda->index()
 7 SYSTEMPATH/CodeIgniter.php(497): CodeIgniter\CodeIgniter->runController()
 8 SYSTEMPATH/CodeIgniter.php(366): CodeIgniter\CodeIgniter->handleRequest()
 9 FCPATH/index.php(67): CodeIgniter\CodeIgniter->run()
CRITICAL - 2025-05-19 22:09:58 --> Undefined array key "nombre"
in APPPATH/Views/admin/bannertienda.php on line 142.
 1 APPPATH/Views/admin/bannertienda.php(142): CodeIgniter\Debug\Exceptions->errorHandler()
 2 SYSTEMPATH/View/View.php(224): include('/home/tegnex/public_html/app/Views/admin/bannertienda.php')
 3 SYSTEMPATH/View/View.php(227): CodeIgniter\View\View->CodeIgniter\View\{closure}()
 4 SYSTEMPATH/Common.php(1176): CodeIgniter\View\View->render()
 5 APPPATH/Controllers/Bannertienda.php(32): view()
 6 SYSTEMPATH/CodeIgniter.php(932): App\Controllers\Bannertienda->index()
 7 SYSTEMPATH/CodeIgniter.php(497): CodeIgniter\CodeIgniter->runController()
 8 SYSTEMPATH/CodeIgniter.php(366): CodeIgniter\CodeIgniter->handleRequest()
 9 FCPATH/index.php(67): CodeIgniter\CodeIgniter->run()
CRITICAL - 2025-05-19 22:10:35 --> syntax error, unexpected token ";"
in APPPATH/Views/admin/bannertienda.php on line 143.
 1 SYSTEMPATH/View/View.php(227): CodeIgniter\View\View->CodeIgniter\View\{closure}()
 2 SYSTEMPATH/Common.php(1176): CodeIgniter\View\View->render()
 3 APPPATH/Controllers/Bannertienda.php(32): view()
 4 SYSTEMPATH/CodeIgniter.php(932): App\Controllers\Bannertienda->index()
 5 SYSTEMPATH/CodeIgniter.php(497): CodeIgniter\CodeIgniter->runController()
 6 SYSTEMPATH/CodeIgniter.php(366): CodeIgniter\CodeIgniter->handleRequest()
 7 FCPATH/index.php(67): CodeIgniter\CodeIgniter->run()
CRITICAL - 2025-05-19 22:11:03 --> Undefined array key "nombre"
in APPPATH/Views/admin/bannertienda.php on line 152.
 1 APPPATH/Views/admin/bannertienda.php(152): CodeIgniter\Debug\Exceptions->errorHandler()
 2 SYSTEMPATH/View/View.php(224): include('/home/tegnex/public_html/app/Views/admin/bannertienda.php')
 3 SYSTEMPATH/View/View.php(227): CodeIgniter\View\View->CodeIgniter\View\{closure}()
 4 SYSTEMPATH/Common.php(1176): CodeIgniter\View\View->render()
 5 APPPATH/Controllers/Bannertienda.php(32): view()
 6 SYSTEMPATH/CodeIgniter.php(932): App\Controllers\Bannertienda->index()
 7 SYSTEMPATH/CodeIgniter.php(497): CodeIgniter\CodeIgniter->runController()
 8 SYSTEMPATH/CodeIgniter.php(366): CodeIgniter\CodeIgniter->handleRequest()
 9 FCPATH/index.php(67): CodeIgniter\CodeIgniter->run()
CRITICAL - 2025-05-19 22:12:37 --> Undefined variable $clientes
in APPPATH/Views/admin/clientes.php on line 76.
 1 APPPATH/Views/admin/clientes.php(76): CodeIgniter\Debug\Exceptions->errorHandler()
 2 SYSTEMPATH/View/View.php(224): include('/home/tegnex/public_html/app/Views/admin/clientes.php')
 3 SYSTEMPATH/View/View.php(227): CodeIgniter\View\View->CodeIgniter\View\{closure}()
 4 SYSTEMPATH/Common.php(1176): CodeIgniter\View\View->render()
 5 APPPATH/Controllers/Clientes.php(13): view()
 6 SYSTEMPATH/CodeIgniter.php(932): App\Controllers\Clientes->index()
 7 SYSTEMPATH/CodeIgniter.php(497): CodeIgniter\CodeIgniter->runController()
 8 SYSTEMPATH/CodeIgniter.php(366): CodeIgniter\CodeIgniter->handleRequest()
 9 FCPATH/index.php(67): CodeIgniter\CodeIgniter->run()
CRITICAL - 2025-05-19 22:20:41 --> Undefined variable $delivery
in APPPATH/Controllers/Productos.php on line 460.
 1 APPPATH/Controllers/Productos.php(460): CodeIgniter\Debug\Exceptions->errorHandler()
 2 SYSTEMPATH/CodeIgniter.php(932): App\Controllers\Productos->getProductosConDescuento()
 3 SYSTEMPATH/CodeIgniter.php(497): CodeIgniter\CodeIgniter->runController()
 4 SYSTEMPATH/CodeIgniter.php(366): CodeIgniter\CodeIgniter->handleRequest()
 5 FCPATH/index.php(67): CodeIgniter\CodeIgniter->run()
CRITICAL - 2025-05-19 22:20:47 --> Undefined variable $delivery
in APPPATH/Controllers/Productos.php on line 460.
 1 APPPATH/Controllers/Productos.php(460): CodeIgniter\Debug\Exceptions->errorHandler()
 2 SYSTEMPATH/CodeIgniter.php(932): App\Controllers\Productos->getProductosConDescuento()
 3 SYSTEMPATH/CodeIgniter.php(497): CodeIgniter\CodeIgniter->runController()
 4 SYSTEMPATH/CodeIgniter.php(366): CodeIgniter\CodeIgniter->handleRequest()
 5 FCPATH/index.php(67): CodeIgniter\CodeIgniter->run()
CRITICAL - 2025-05-19 22:21:49 --> Undefined variable $delivery
in APPPATH/Controllers/Productos.php on line 460.
 1 APPPATH/Controllers/Productos.php(460): CodeIgniter\Debug\Exceptions->errorHandler()
 2 SYSTEMPATH/CodeIgniter.php(932): App\Controllers\Productos->getProductosConDescuento()
 3 SYSTEMPATH/CodeIgniter.php(497): CodeIgniter\CodeIgniter->runController()
 4 SYSTEMPATH/CodeIgniter.php(366): CodeIgniter\CodeIgniter->handleRequest()
 5 FCPATH/index.php(67): CodeIgniter\CodeIgniter->run()
CRITICAL - 2025-05-19 22:27:51 --> Undefined variable $delivery
in APPPATH/Controllers/Productos.php on line 460.
 1 APPPATH/Controllers/Productos.php(460): CodeIgniter\Debug\Exceptions->errorHandler()
 2 SYSTEMPATH/CodeIgniter.php(932): App\Controllers\Productos->getProductosConDescuento()
 3 SYSTEMPATH/CodeIgniter.php(497): CodeIgniter\CodeIgniter->runController()
 4 SYSTEMPATH/CodeIgniter.php(366): CodeIgniter\CodeIgniter->handleRequest()
 5 FCPATH/index.php(67): CodeIgniter\CodeIgniter->run()
CRITICAL - 2025-05-19 22:56:08 --> Undefined variable $delivery
in APPPATH/Controllers/Productos.php on line 460.
 1 APPPATH/Controllers/Productos.php(460): CodeIgniter\Debug\Exceptions->errorHandler()
 2 SYSTEMPATH/CodeIgniter.php(932): App\Controllers\Productos->getProductosConDescuento()
 3 SYSTEMPATH/CodeIgniter.php(497): CodeIgniter\CodeIgniter->runController()
 4 SYSTEMPATH/CodeIgniter.php(366): CodeIgniter\CodeIgniter->handleRequest()
 5 FCPATH/index.php(67): CodeIgniter\CodeIgniter->run()
