CRITICAL - 2025-06-12 17:52:26 --> Call to undefined method App\Models\ProductoModel::getTotalStock
in SYSTEMPATH/Model.php on line 838.
 1 APPPATH/Controllers/Dashboard.php(67): CodeIgniter\Model->__call()
 2 SYSTEMPATH/CodeIgniter.php(932): App\Controllers\Dashboard->totalStock()
 3 SYSTEMPATH/CodeIgniter.php(497): CodeIgniter\CodeIgniter->runController()
 4 SYSTEMPATH/CodeIgniter.php(366): CodeIgniter\CodeIgniter->handleRequest()
 5 FCPATH/index.php(67): CodeIgniter\CodeIgniter->run()
ERROR - 2025-06-12 17:53:07 --> Valores faltantes para la compra ID: 49. Provincia: , Distrito: 
CRITICAL - 2025-06-12 17:53:25 --> Call to undefined method App\Models\ProductoModel::getTotalStock
in SYSTEMPATH/Model.php on line 838.
 1 APPPATH/Controllers/Dashboard.php(67): CodeIgniter\Model->__call()
 2 SYSTEMPATH/CodeIgniter.php(932): App\Controllers\Dashboard->totalStock()
 3 SYSTEMPATH/CodeIgniter.php(497): CodeIgniter\CodeIgniter->runController()
 4 SYSTEMPATH/CodeIgniter.php(366): CodeIgniter\CodeIgniter->handleRequest()
 5 FCPATH/index.php(67): CodeIgniter\CodeIgniter->run()
CRITICAL - 2025-06-12 17:53:42 --> Call to undefined method App\Models\ProductoModel::getTotalStock
in SYSTEMPATH/Model.php on line 838.
 1 APPPATH/Controllers/Dashboard.php(67): CodeIgniter\Model->__call()
 2 SYSTEMPATH/CodeIgniter.php(932): App\Controllers\Dashboard->totalStock()
 3 SYSTEMPATH/CodeIgniter.php(497): CodeIgniter\CodeIgniter->runController()
 4 SYSTEMPATH/CodeIgniter.php(366): CodeIgniter\CodeIgniter->handleRequest()
 5 FCPATH/index.php(67): CodeIgniter\CodeIgniter->run()
CRITICAL - 2025-06-12 17:53:45 --> Call to undefined method App\Models\ProductoModel::getTotalStock
in SYSTEMPATH/Model.php on line 838.
 1 APPPATH/Controllers/Dashboard.php(67): CodeIgniter\Model->__call()
 2 SYSTEMPATH/CodeIgniter.php(932): App\Controllers\Dashboard->totalStock()
 3 SYSTEMPATH/CodeIgniter.php(497): CodeIgniter\CodeIgniter->runController()
 4 SYSTEMPATH/CodeIgniter.php(366): CodeIgniter\CodeIgniter->handleRequest()
 5 FCPATH/index.php(67): CodeIgniter\CodeIgniter->run()
