CRITICAL - 2025-05-30 15:36:41 --> Undefined variable $delivery
in APPPATH/Controllers/Productos.php on line 252.
 1 APPPATH/Controllers/Productos.php(252): CodeIgniter\Debug\Exceptions->errorHandler()
 2 SYSTEMPATH/CodeIgniter.php(932): App\Controllers\Productos->filtrarPorSubcategoria()
 3 SYSTEMPATH/CodeIgniter.php(497): CodeIgniter\CodeIgniter->runController()
 4 SYSTEMPATH/CodeIgniter.php(366): CodeIgniter\CodeIgniter->handleRequest()
 5 FCPATH/index.php(67): CodeIgniter\CodeIgniter->run()
CRITICAL - 2025-05-30 20:11:46 --> Undefined variable $user
in APPPATH/Views/admin/posts.php on line 7.
 1 APPPATH/Views/admin/posts.php(7): CodeIgniter\Debug\Exceptions->errorHandler()
 2 SYSTEMPATH/View/View.php(224): include('/home/tegnex/public_html/app/Views/admin/posts.php')
 3 SYSTEMPATH/View/View.php(227): CodeIgniter\View\View->CodeIgniter\View\{closure}()
 4 SYSTEMPATH/Common.php(1176): CodeIgniter\View\View->render()
 5 APPPATH/Controllers/Posts.php(30): view()
 6 SYSTEMPATH/CodeIgniter.php(932): App\Controllers\Posts->posts()
 7 SYSTEMPATH/CodeIgniter.php(497): CodeIgniter\CodeIgniter->runController()
 8 SYSTEMPATH/CodeIgniter.php(366): CodeIgniter\CodeIgniter->handleRequest()
 9 FCPATH/index.php(67): CodeIgniter\CodeIgniter->run()
CRITICAL - 2025-05-30 20:11:53 --> Undefined variable $user
in APPPATH/Views/admin/posts.php on line 7.
 1 APPPATH/Views/admin/posts.php(7): CodeIgniter\Debug\Exceptions->errorHandler()
 2 SYSTEMPATH/View/View.php(224): include('/home/tegnex/public_html/app/Views/admin/posts.php')
 3 SYSTEMPATH/View/View.php(227): CodeIgniter\View\View->CodeIgniter\View\{closure}()
 4 SYSTEMPATH/Common.php(1176): CodeIgniter\View\View->render()
 5 APPPATH/Controllers/Posts.php(30): view()
 6 SYSTEMPATH/CodeIgniter.php(932): App\Controllers\Posts->posts()
 7 SYSTEMPATH/CodeIgniter.php(497): CodeIgniter\CodeIgniter->runController()
 8 SYSTEMPATH/CodeIgniter.php(366): CodeIgniter\CodeIgniter->handleRequest()
 9 FCPATH/index.php(67): CodeIgniter\CodeIgniter->run()
CRITICAL - 2025-05-30 21:23:04 --> Undefined array key "nombre"
in APPPATH/Views/tienda/clientecompra.php on line 216.
 1 APPPATH/Views/tienda/clientecompra.php(216): CodeIgniter\Debug\Exceptions->errorHandler()
 2 SYSTEMPATH/View/View.php(224): include('/home/tegnex/public_html/app/Views/tienda/clientecompra.php')
 3 SYSTEMPATH/View/View.php(227): CodeIgniter\View\View->CodeIgniter\View\{closure}()
 4 SYSTEMPATH/Common.php(1176): CodeIgniter\View\View->render()
 5 APPPATH/Controllers/Clientecompra.php(64): view()
 6 SYSTEMPATH/CodeIgniter.php(932): App\Controllers\Clientecompra->index()
 7 SYSTEMPATH/CodeIgniter.php(497): CodeIgniter\CodeIgniter->runController()
 8 SYSTEMPATH/CodeIgniter.php(366): CodeIgniter\CodeIgniter->handleRequest()
 9 FCPATH/index.php(67): CodeIgniter\CodeIgniter->run()
CRITICAL - 2025-05-30 21:30:41 --> Undefined variable $delivery
in APPPATH/Controllers/Productos.php on line 252.
 1 APPPATH/Controllers/Productos.php(252): CodeIgniter\Debug\Exceptions->errorHandler()
 2 SYSTEMPATH/CodeIgniter.php(932): App\Controllers\Productos->filtrarPorSubcategoria()
 3 SYSTEMPATH/CodeIgniter.php(497): CodeIgniter\CodeIgniter->runController()
 4 SYSTEMPATH/CodeIgniter.php(366): CodeIgniter\CodeIgniter->handleRequest()
 5 FCPATH/index.php(67): CodeIgniter\CodeIgniter->run()
