CRITICAL - 2025-05-23 20:15:48 --> Class "App\Filters\VisitLogger" not found
in SYSTEMPATH/Filters/Filters.php on line 166.
 1 SYSTEMPATH/CodeIgniter.php(471): CodeIgniter\Filters\Filters->run()
 2 SYSTEMPATH/CodeIgniter.php(366): CodeIgniter\CodeIgniter->handleRequest()
 3 FCPATH/index.php(67): CodeIgniter\CodeIgniter->run()
CRITICAL - 2025-05-23 20:15:48 --> Class "App\Filters\VisitLogger" not found
in SYSTEMPATH/Filters/Filters.php on line 166.
 1 SYSTEMPATH/CodeIgniter.php(471): CodeIgniter\Filters\Filters->run()
 2 SYSTEMPATH/CodeIgniter.php(366): CodeIgniter\CodeIgniter->handleRequest()
 3 FCPATH/index.php(67): CodeIgniter\CodeIgniter->run()
CRITICAL - 2025-05-23 20:19:51 --> Class "App\Models\VisitModel" not found
in APPPATH/Filters/VisitLogger.php on line 14.
 1 SYSTEMPATH/Filters/Filters.php(173): App\Filters\VisitLogger->before()
 2 SYSTEMPATH/CodeIgniter.php(471): CodeIgniter\Filters\Filters->run()
 3 SYSTEMPATH/CodeIgniter.php(366): CodeIgniter\CodeIgniter->handleRequest()
 4 FCPATH/index.php(67): CodeIgniter\CodeIgniter->run()
ERROR - 2025-05-23 20:20:31 --> mysqli_sql_exception: Table 'tegnex_valeapp_pagina.visits' doesn't exist in /home/tegnex/public_html/system/Database/MySQLi/Connection.php:295
Stack trace:
#0 /home/tegnex/public_html/system/Database/MySQLi/Connection.php(295): mysqli->query()
#1 /home/tegnex/public_html/system/Database/BaseConnection.php(692): CodeIgniter\Database\MySQLi\Connection->execute()
#2 /home/tegnex/public_html/system/Database/BaseConnection.php(606): CodeIgniter\Database\BaseConnection->simpleQuery()
#3 /home/tegnex/public_html/system/Database/BaseBuilder.php(2309): CodeIgniter\Database\BaseConnection->query()
#4 /home/tegnex/public_html/system/Model.php(330): CodeIgniter\Database\BaseBuilder->insert()
#5 /home/tegnex/public_html/system/BaseModel.php(782): CodeIgniter\Model->doInsert()
#6 /home/tegnex/public_html/system/Model.php(730): CodeIgniter\BaseModel->insert()
#7 /home/tegnex/public_html/app/Filters/VisitLogger.php(26): CodeIgniter\Model->insert()
#8 /home/tegnex/public_html/system/Filters/Filters.php(173): App\Filters\VisitLogger->before()
#9 /home/tegnex/public_html/system/CodeIgniter.php(471): CodeIgniter\Filters\Filters->run()
#10 /home/tegnex/public_html/system/CodeIgniter.php(366): CodeIgniter\CodeIgniter->handleRequest()
#11 /home/tegnex/public_html/index.php(67): CodeIgniter\CodeIgniter->run()
#12 {main}
CRITICAL - 2025-05-23 20:20:31 --> Table 'tegnex_valeapp_pagina.visits' doesn't exist
in SYSTEMPATH/Database/MySQLi/Connection.php on line 295.
 1 SYSTEMPATH/Database/MySQLi/Connection.php(295): mysqli->query()
 2 SYSTEMPATH/Database/BaseConnection.php(692): CodeIgniter\Database\MySQLi\Connection->execute()
 3 SYSTEMPATH/Database/BaseConnection.php(606): CodeIgniter\Database\BaseConnection->simpleQuery()
 4 SYSTEMPATH/Database/BaseBuilder.php(2309): CodeIgniter\Database\BaseConnection->query()
 5 SYSTEMPATH/Model.php(330): CodeIgniter\Database\BaseBuilder->insert()
 6 SYSTEMPATH/BaseModel.php(782): CodeIgniter\Model->doInsert()
 7 SYSTEMPATH/Model.php(730): CodeIgniter\BaseModel->insert()
 8 APPPATH/Filters/VisitLogger.php(26): CodeIgniter\Model->insert()
 9 SYSTEMPATH/Filters/Filters.php(173): App\Filters\VisitLogger->before()
10 SYSTEMPATH/CodeIgniter.php(471): CodeIgniter\Filters\Filters->run()
11 SYSTEMPATH/CodeIgniter.php(366): CodeIgniter\CodeIgniter->handleRequest()
12 FCPATH/index.php(67): CodeIgniter\CodeIgniter->run()
CRITICAL - 2025-05-23 20:21:21 --> Undefined array key "totalVisitors"
in APPPATH/Controllers/Dashboard.php on line 38.
 1 APPPATH/Controllers/Dashboard.php(38): CodeIgniter\Debug\Exceptions->errorHandler()
 2 SYSTEMPATH/CodeIgniter.php(932): App\Controllers\Dashboard->Index()
 3 SYSTEMPATH/CodeIgniter.php(497): CodeIgniter\CodeIgniter->runController()
 4 SYSTEMPATH/CodeIgniter.php(366): CodeIgniter\CodeIgniter->handleRequest()
 5 FCPATH/index.php(67): CodeIgniter\CodeIgniter->run()
CRITICAL - 2025-05-23 20:22:59 --> Undefined array key "totalVisitors"
in APPPATH/Controllers/Dashboard.php on line 38.
 1 APPPATH/Controllers/Dashboard.php(38): CodeIgniter\Debug\Exceptions->errorHandler()
 2 SYSTEMPATH/CodeIgniter.php(932): App\Controllers\Dashboard->Index()
 3 SYSTEMPATH/CodeIgniter.php(497): CodeIgniter\CodeIgniter->runController()
 4 SYSTEMPATH/CodeIgniter.php(366): CodeIgniter\CodeIgniter->handleRequest()
 5 FCPATH/index.php(67): CodeIgniter\CodeIgniter->run()
CRITICAL - 2025-05-23 20:24:53 --> Undefined array key "totalVisitors"
in APPPATH/Controllers/Dashboard.php on line 38.
 1 APPPATH/Controllers/Dashboard.php(38): CodeIgniter\Debug\Exceptions->errorHandler()
 2 SYSTEMPATH/CodeIgniter.php(932): App\Controllers\Dashboard->Index()
 3 SYSTEMPATH/CodeIgniter.php(497): CodeIgniter\CodeIgniter->runController()
 4 SYSTEMPATH/CodeIgniter.php(366): CodeIgniter\CodeIgniter->handleRequest()
 5 FCPATH/index.php(67): CodeIgniter\CodeIgniter->run()
CRITICAL - 2025-05-23 21:58:56 --> Undefined array key "nombre"
in APPPATH/Views/tienda/clientecompra.php on line 216.
 1 APPPATH/Views/tienda/clientecompra.php(216): CodeIgniter\Debug\Exceptions->errorHandler()
 2 SYSTEMPATH/View/View.php(224): include('/home/tegnex/public_html/app/Views/tienda/clientecompra.php')
 3 SYSTEMPATH/View/View.php(227): CodeIgniter\View\View->CodeIgniter\View\{closure}()
 4 SYSTEMPATH/Common.php(1176): CodeIgniter\View\View->render()
 5 APPPATH/Controllers/Clientecompra.php(64): view()
 6 SYSTEMPATH/CodeIgniter.php(932): App\Controllers\Clientecompra->index()
 7 SYSTEMPATH/CodeIgniter.php(497): CodeIgniter\CodeIgniter->runController()
 8 SYSTEMPATH/CodeIgniter.php(366): CodeIgniter\CodeIgniter->handleRequest()
 9 FCPATH/index.php(67): CodeIgniter\CodeIgniter->run()
CRITICAL - 2025-05-23 21:59:02 --> Undefined array key "nombre"
in APPPATH/Views/tienda/clientecompra.php on line 216.
 1 APPPATH/Views/tienda/clientecompra.php(216): CodeIgniter\Debug\Exceptions->errorHandler()
 2 SYSTEMPATH/View/View.php(224): include('/home/tegnex/public_html/app/Views/tienda/clientecompra.php')
 3 SYSTEMPATH/View/View.php(227): CodeIgniter\View\View->CodeIgniter\View\{closure}()
 4 SYSTEMPATH/Common.php(1176): CodeIgniter\View\View->render()
 5 APPPATH/Controllers/Clientecompra.php(64): view()
 6 SYSTEMPATH/CodeIgniter.php(932): App\Controllers\Clientecompra->index()
 7 SYSTEMPATH/CodeIgniter.php(497): CodeIgniter\CodeIgniter->runController()
 8 SYSTEMPATH/CodeIgniter.php(366): CodeIgniter\CodeIgniter->handleRequest()
 9 FCPATH/index.php(67): CodeIgniter\CodeIgniter->run()
CRITICAL - 2025-05-23 21:59:22 --> Undefined array key "nombre"
in APPPATH/Views/tienda/clientecompra.php on line 216.
 1 APPPATH/Views/tienda/clientecompra.php(216): CodeIgniter\Debug\Exceptions->errorHandler()
 2 SYSTEMPATH/View/View.php(224): include('/home/tegnex/public_html/app/Views/tienda/clientecompra.php')
 3 SYSTEMPATH/View/View.php(227): CodeIgniter\View\View->CodeIgniter\View\{closure}()
 4 SYSTEMPATH/Common.php(1176): CodeIgniter\View\View->render()
 5 APPPATH/Controllers/Clientecompra.php(64): view()
 6 SYSTEMPATH/CodeIgniter.php(932): App\Controllers\Clientecompra->index()
 7 SYSTEMPATH/CodeIgniter.php(497): CodeIgniter\CodeIgniter->runController()
 8 SYSTEMPATH/CodeIgniter.php(366): CodeIgniter\CodeIgniter->handleRequest()
 9 FCPATH/index.php(67): CodeIgniter\CodeIgniter->run()
CRITICAL - 2025-05-23 22:06:24 --> Undefined array key "nombre"
in APPPATH/Views/tienda/clientecompra.php on line 216.
 1 APPPATH/Views/tienda/clientecompra.php(216): CodeIgniter\Debug\Exceptions->errorHandler()
 2 SYSTEMPATH/View/View.php(224): include('/home/tegnex/public_html/app/Views/tienda/clientecompra.php')
 3 SYSTEMPATH/View/View.php(227): CodeIgniter\View\View->CodeIgniter\View\{closure}()
 4 SYSTEMPATH/Common.php(1176): CodeIgniter\View\View->render()
 5 APPPATH/Controllers/Clientecompra.php(64): view()
 6 SYSTEMPATH/CodeIgniter.php(932): App\Controllers\Clientecompra->index()
 7 SYSTEMPATH/CodeIgniter.php(497): CodeIgniter\CodeIgniter->runController()
 8 SYSTEMPATH/CodeIgniter.php(366): CodeIgniter\CodeIgniter->handleRequest()
 9 FCPATH/index.php(67): CodeIgniter\CodeIgniter->run()
CRITICAL - 2025-05-23 22:06:28 --> Undefined array key "nombre"
in APPPATH/Views/tienda/clientecompra.php on line 216.
 1 APPPATH/Views/tienda/clientecompra.php(216): CodeIgniter\Debug\Exceptions->errorHandler()
 2 SYSTEMPATH/View/View.php(224): include('/home/tegnex/public_html/app/Views/tienda/clientecompra.php')
 3 SYSTEMPATH/View/View.php(227): CodeIgniter\View\View->CodeIgniter\View\{closure}()
 4 SYSTEMPATH/Common.php(1176): CodeIgniter\View\View->render()
 5 APPPATH/Controllers/Clientecompra.php(64): view()
 6 SYSTEMPATH/CodeIgniter.php(932): App\Controllers\Clientecompra->index()
 7 SYSTEMPATH/CodeIgniter.php(497): CodeIgniter\CodeIgniter->runController()
 8 SYSTEMPATH/CodeIgniter.php(366): CodeIgniter\CodeIgniter->handleRequest()
 9 FCPATH/index.php(67): CodeIgniter\CodeIgniter->run()
